<?xml version="1.0" encoding="UTF-8"?>
<testsuite xmlns:xsi="http://www.w3.org/2001/XMLSchema-instance" xsi:noNamespaceSchemaLocation="https://maven.apache.org/surefire/maven-surefire-plugin/xsd/surefire-test-report.xsd" name="Tests" time="59.096" tests="4" errors="0" skipped="0" failures="0">
  <properties>
[...]
</properties>
  <testcase name="LoginUserTest" classname="Tests" time="15.57"/>
  <testcase name="addNewCouponTest" classname="Tests" time="15.281"/>
  <testcase name="searchAndDeleteCouponTest" classname="Tests" time="15.088"/>
  <testcase name="logoutTest" classname="Tests" time="13.048"/>
</testsuite>